  DrwIO.cpp
C:\Users\User\Desktop\DXFViewerNew\DXF Viewer\DrawCode\DrwIO.cpp(306,13): warning C4018: '<': signed/unsigned mismatch
C:\Users\User\Desktop\DXFViewerNew\DXF Viewer\DrawCode\DrwIO.cpp(323,13): warning C4018: '<': signed/unsigned mismatch
C:\Users\User\Desktop\DXFViewerNew\DXF Viewer\DrawCode\DrwIO.cpp(349,13): warning C4018: '<': signed/unsigned mismatch
C:\Users\User\Desktop\DXFViewerNew\DXF Viewer\DrawCode\DrwIO.cpp(369,13): warning C4018: '<': signed/unsigned mismatch
C:\Users\User\Desktop\DXFViewerNew\DXF Viewer\DrawCode\DrwIO.cpp(308,3): warning C4996: 'strcpy': This function or variable may be unsafe. Consider using strcpy_s instead. To disable deprecation, use _CRT_SECURE_NO_WARNINGS. See online help for details.
C:\Users\User\Desktop\DXFViewerNew\DXF Viewer\DrawCode\DrwIO.cpp(310,3): warning C4996: 'strcpy': This function or variable may be unsafe. Consider using strcpy_s instead. To disable deprecation, use _CRT_SECURE_NO_WARNINGS. See online help for details.
C:\Users\User\Desktop\DXFViewerNew\DXF Viewer\DrawCode\DrwIO.cpp(351,3): warning C4996: 'strcpy': This function or variable may be unsafe. Consider using strcpy_s instead. To disable deprecation, use _CRT_SECURE_NO_WARNINGS. See online help for details.
C:\Users\User\Desktop\DXFViewerNew\DXF Viewer\DrawCode\DrwIO.cpp(352,3): warning C4996: 'strcpy': This function or variable may be unsafe. Consider using strcpy_s instead. To disable deprecation, use _CRT_SECURE_NO_WARNINGS. See online help for details.
C:\Users\User\Desktop\DXFViewerNew\DXF Viewer\DrawCode\DrwIO.cpp(380,3): warning C4996: 'strcpy': This function or variable may be unsafe. Consider using strcpy_s instead. To disable deprecation, use _CRT_SECURE_NO_WARNINGS. See online help for details.
C:\Users\User\Desktop\DXFViewerNew\DXF Viewer\DrawCode\DrwIO.cpp(387,3): warning C4996: 'strcpy': This function or variable may be unsafe. Consider using strcpy_s instead. To disable deprecation, use _CRT_SECURE_NO_WARNINGS. See online help for details.
C:\Users\User\Desktop\DXFViewerNew\DXF Viewer\DrawCode\DrwIO.cpp(388,3): warning C4996: 'strcpy': This function or variable may be unsafe. Consider using strcpy_s instead. To disable deprecation, use _CRT_SECURE_NO_WARNINGS. See online help for details.
C:\Users\User\Desktop\DXFViewerNew\DXF Viewer\DrawCode\DrwIO.cpp(390,3): warning C4996: 'strcpy': This function or variable may be unsafe. Consider using strcpy_s instead. To disable deprecation, use _CRT_SECURE_NO_WARNINGS. See online help for details.
C:\Users\User\Desktop\DXFViewerNew\DXF Viewer\DrawCode\DrwIO.cpp(519,4): warning C4996: 'strcpy': This function or variable may be unsafe. Consider using strcpy_s instead. To disable deprecation, use _CRT_SECURE_NO_WARNINGS. See online help for details.
C:\Users\User\Desktop\DXFViewerNew\DXF Viewer\DrawCode\DrwIO.cpp(536,4): warning C4996: 'strcpy': This function or variable may be unsafe. Consider using strcpy_s instead. To disable deprecation, use _CRT_SECURE_NO_WARNINGS. See online help for details.
C:\Users\User\Desktop\DXFViewerNew\DXF Viewer\DrawCode\DrwIO.cpp(581,5): warning C4996: 'strcpy': This function or variable may be unsafe. Consider using strcpy_s instead. To disable deprecation, use _CRT_SECURE_NO_WARNINGS. See online help for details.
C:\Users\User\Desktop\DXFViewerNew\DXF Viewer\DrawCode\DrwIO.cpp(592,6): warning C4996: 'strcpy': This function or variable may be unsafe. Consider using strcpy_s instead. To disable deprecation, use _CRT_SECURE_NO_WARNINGS. See online help for details.
C:\Users\User\Desktop\DXFViewerNew\DXF Viewer\DrawCode\DrwIO.cpp(633,5): warning C4996: 'strcpy': This function or variable may be unsafe. Consider using strcpy_s instead. To disable deprecation, use _CRT_SECURE_NO_WARNINGS. See online help for details.
C:\Users\User\Desktop\DXFViewerNew\DXF Viewer\DrawCode\DrwIO.cpp(657,5): warning C4996: 'strcpy': This function or variable may be unsafe. Consider using strcpy_s instead. To disable deprecation, use _CRT_SECURE_NO_WARNINGS. See online help for details.
C:\Users\User\Desktop\DXFViewerNew\DXF Viewer\DrawCode\DrwIO.cpp(659,5): warning C4996: 'strcpy': This function or variable may be unsafe. Consider using strcpy_s instead. To disable deprecation, use _CRT_SECURE_NO_WARNINGS. See online help for details.
C:\Users\User\Desktop\DXFViewerNew\DXF Viewer\DrawCode\DrwIO.cpp(661,28): warning C4996: 'strcpy': This function or variable may be unsafe. Consider using strcpy_s instead. To disable deprecation, use _CRT_SECURE_NO_WARNINGS. See online help for details.
C:\Users\User\Desktop\DXFViewerNew\DXF Viewer\DrawCode\DrwIO.cpp(668,6): warning C4996: 'strcpy': This function or variable may be unsafe. Consider using strcpy_s instead. To disable deprecation, use _CRT_SECURE_NO_WARNINGS. See online help for details.
C:\Users\User\Desktop\DXFViewerNew\DXF Viewer\DrawCode\DrwIO.cpp(767,7): warning C4996: 'strcpy': This function or variable may be unsafe. Consider using strcpy_s instead. To disable deprecation, use _CRT_SECURE_NO_WARNINGS. See online help for details.
C:\Users\User\Desktop\DXFViewerNew\DXF Viewer\DrawCode\DrwIO.cpp(770,7): warning C4996: 'strcpy': This function or variable may be unsafe. Consider using strcpy_s instead. To disable deprecation, use _CRT_SECURE_NO_WARNINGS. See online help for details.
C:\Users\User\Desktop\DXFViewerNew\DXF Viewer\DrawCode\DrwIO.cpp(771,7): warning C4996: 'strcpy': This function or variable may be unsafe. Consider using strcpy_s instead. To disable deprecation, use _CRT_SECURE_NO_WARNINGS. See online help for details.
C:\Users\User\Desktop\DXFViewerNew\DXF Viewer\DrawCode\DrwIO.cpp(782,7): warning C4996: 'strcpy': This function or variable may be unsafe. Consider using strcpy_s instead. To disable deprecation, use _CRT_SECURE_NO_WARNINGS. See online help for details.
C:\Users\User\Desktop\DXFViewerNew\DXF Viewer\DrawCode\DrwIO.cpp(800,7): warning C4996: 'strcpy': This function or variable may be unsafe. Consider using strcpy_s instead. To disable deprecation, use _CRT_SECURE_NO_WARNINGS. See online help for details.
C:\Users\User\Desktop\DXFViewerNew\DXF Viewer\DrawCode\DrwIO.cpp(807,7): warning C4996: 'strcpy': This function or variable may be unsafe. Consider using strcpy_s instead. To disable deprecation, use _CRT_SECURE_NO_WARNINGS. See online help for details.
C:\Users\User\Desktop\DXFViewerNew\DXF Viewer\DrawCode\DrwIO.cpp(827,7): warning C4996: 'strcpy': This function or variable may be unsafe. Consider using strcpy_s instead. To disable deprecation, use _CRT_SECURE_NO_WARNINGS. See online help for details.
C:\Users\User\Desktop\DXFViewerNew\DXF Viewer\DrawCode\DrwIO.cpp(829,7): warning C4996: 'strcpy': This function or variable may be unsafe. Consider using strcpy_s instead. To disable deprecation, use _CRT_SECURE_NO_WARNINGS. See online help for details.
C:\Users\User\Desktop\DXFViewerNew\DXF Viewer\DrawCode\DrwIO.cpp(843,7): warning C4996: 'strcpy': This function or variable may be unsafe. Consider using strcpy_s instead. To disable deprecation, use _CRT_SECURE_NO_WARNINGS. See online help for details.
C:\Users\User\Desktop\DXFViewerNew\DXF Viewer\DrawCode\DrwIO.cpp(846,7): warning C4996: 'strcpy': This function or variable may be unsafe. Consider using strcpy_s instead. To disable deprecation, use _CRT_SECURE_NO_WARNINGS. See online help for details.
C:\Users\User\Desktop\DXFViewerNew\DXF Viewer\DrawCode\DrwIO.cpp(871,6): warning C4996: 'strcpy': This function or variable may be unsafe. Consider using strcpy_s instead. To disable deprecation, use _CRT_SECURE_NO_WARNINGS. See online help for details.
C:\Users\User\Desktop\DXFViewerNew\DXF Viewer\DrawCode\DrwIO.cpp(875,6): warning C4996: 'strcpy': This function or variable may be unsafe. Consider using strcpy_s instead. To disable deprecation, use _CRT_SECURE_NO_WARNINGS. See online help for details.
  DXFBase.cpp
C:\Users\User\Desktop\DXFViewerNew\DXF Viewer\DrawCode\DXFFile\Base\DXFBase.cpp(230,37): warning C4267: '=': conversion from 'size_t' to 'long', possible loss of data
C:\Users\User\Desktop\DXFViewerNew\DXF Viewer\DrawCode\DXFFile\Base\DXFBase.cpp(238,36): warning C4267: '=': conversion from 'size_t' to 'long', possible loss of data
C:\Users\User\Desktop\DXFViewerNew\DXF Viewer\DrawCode\DXFFile\Base\DXFBase.cpp(248,37): warning C4267: '=': conversion from 'size_t' to 'long', possible loss of data
C:\Users\User\Desktop\DXFViewerNew\DXF Viewer\DrawCode\DXFFile\Base\DXFBase.cpp(451,36): warning C4267: '=': conversion from 'size_t' to 'long', possible loss of data
  DRBlocks.cpp
C:\Users\User\Desktop\DXFViewerNew\DXF Viewer\DrawCode\DXFFile\Read\DRBlocks.cpp(37,4): warning C4996: 'strcpy': This function or variable may be unsafe. Consider using strcpy_s instead. To disable deprecation, use _CRT_SECURE_NO_WARNINGS. See online help for details.
C:\Users\User\Desktop\DXFViewerNew\DXF Viewer\DrawCode\DXFFile\Read\DRBlocks.cpp(40,4): warning C4996: 'strcpy': This function or variable may be unsafe. Consider using strcpy_s instead. To disable deprecation, use _CRT_SECURE_NO_WARNINGS. See online help for details.
C:\Users\User\Desktop\DXFViewerNew\DXF Viewer\DrawCode\DXFFile\Read\DRBlocks.cpp(54,4): warning C4996: 'strcpy': This function or variable may be unsafe. Consider using strcpy_s instead. To disable deprecation, use _CRT_SECURE_NO_WARNINGS. See online help for details.
  DREntities.cpp
C:\Users\User\Desktop\DXFViewerNew\DXF Viewer\DrawCode\DXFFile\Read\DREntities.cpp(43,4): warning C4996: 'strcpy': This function or variable may be unsafe. Consider using strcpy_s instead. To disable deprecation, use _CRT_SECURE_NO_WARNINGS. See online help for details.
C:\Users\User\Desktop\DXFViewerNew\DXF Viewer\DrawCode\DXFFile\Read\DREntities.cpp(49,4): warning C4996: 'strcpy': This function or variable may be unsafe. Consider using strcpy_s instead. To disable deprecation, use _CRT_SECURE_NO_WARNINGS. See online help for details.
C:\Users\User\Desktop\DXFViewerNew\DXF Viewer\DrawCode\DXFFile\Read\DREntities.cpp(105,4): warning C4996: 'strcpy': This function or variable may be unsafe. Consider using strcpy_s instead. To disable deprecation, use _CRT_SECURE_NO_WARNINGS. See online help for details.
C:\Users\User\Desktop\DXFViewerNew\DXF Viewer\DrawCode\DXFFile\Read\DREntities.cpp(111,4): warning C4996: 'strcpy': This function or variable may be unsafe. Consider using strcpy_s instead. To disable deprecation, use _CRT_SECURE_NO_WARNINGS. See online help for details.
C:\Users\User\Desktop\DXFViewerNew\DXF Viewer\DrawCode\DXFFile\Read\DREntities.cpp(158,4): warning C4996: 'strcpy': This function or variable may be unsafe. Consider using strcpy_s instead. To disable deprecation, use _CRT_SECURE_NO_WARNINGS. See online help for details.
C:\Users\User\Desktop\DXFViewerNew\DXF Viewer\DrawCode\DXFFile\Read\DREntities.cpp(164,4): warning C4996: 'strcpy': This function or variable may be unsafe. Consider using strcpy_s instead. To disable deprecation, use _CRT_SECURE_NO_WARNINGS. See online help for details.
C:\Users\User\Desktop\DXFViewerNew\DXF Viewer\DrawCode\DXFFile\Read\DREntities.cpp(214,4): warning C4996: 'strcpy': This function or variable may be unsafe. Consider using strcpy_s instead. To disable deprecation, use _CRT_SECURE_NO_WARNINGS. See online help for details.
C:\Users\User\Desktop\DXFViewerNew\DXF Viewer\DrawCode\DXFFile\Read\DREntities.cpp(220,4): warning C4996: 'strcpy': This function or variable may be unsafe. Consider using strcpy_s instead. To disable deprecation, use _CRT_SECURE_NO_WARNINGS. See online help for details.
C:\Users\User\Desktop\DXFViewerNew\DXF Viewer\DrawCode\DXFFile\Read\DREntities.cpp(286,4): warning C4996: 'strcpy': This function or variable may be unsafe. Consider using strcpy_s instead. To disable deprecation, use _CRT_SECURE_NO_WARNINGS. See online help for details.
C:\Users\User\Desktop\DXFViewerNew\DXF Viewer\DrawCode\DXFFile\Read\DREntities.cpp(292,4): warning C4996: 'strcpy': This function or variable may be unsafe. Consider using strcpy_s instead. To disable deprecation, use _CRT_SECURE_NO_WARNINGS. See online help for details.
C:\Users\User\Desktop\DXFViewerNew\DXF Viewer\DrawCode\DXFFile\Read\DREntities.cpp(301,4): warning C4996: 'strcpy': This function or variable may be unsafe. Consider using strcpy_s instead. To disable deprecation, use _CRT_SECURE_NO_WARNINGS. See online help for details.
C:\Users\User\Desktop\DXFViewerNew\DXF Viewer\DrawCode\DXFFile\Read\DREntities.cpp(337,4): warning C4996: 'strcpy': This function or variable may be unsafe. Consider using strcpy_s instead. To disable deprecation, use _CRT_SECURE_NO_WARNINGS. See online help for details.
C:\Users\User\Desktop\DXFViewerNew\DXF Viewer\DrawCode\DXFFile\Read\DREntities.cpp(369,4): warning C4996: 'strcpy': This function or variable may be unsafe. Consider using strcpy_s instead. To disable deprecation, use _CRT_SECURE_NO_WARNINGS. See online help for details.
C:\Users\User\Desktop\DXFViewerNew\DXF Viewer\DrawCode\DXFFile\Read\DREntities.cpp(375,4): warning C4996: 'strcpy': This function or variable may be unsafe. Consider using strcpy_s instead. To disable deprecation, use _CRT_SECURE_NO_WARNINGS. See online help for details.
C:\Users\User\Desktop\DXFViewerNew\DXF Viewer\DrawCode\DXFFile\Read\DREntities.cpp(431,4): warning C4996: 'strcpy': This function or variable may be unsafe. Consider using strcpy_s instead. To disable deprecation, use _CRT_SECURE_NO_WARNINGS. See online help for details.
C:\Users\User\Desktop\DXFViewerNew\DXF Viewer\DrawCode\DXFFile\Read\DREntities.cpp(437,4): warning C4996: 'strcpy': This function or variable may be unsafe. Consider using strcpy_s instead. To disable deprecation, use _CRT_SECURE_NO_WARNINGS. See online help for details.
C:\Users\User\Desktop\DXFViewerNew\DXF Viewer\DrawCode\DXFFile\Read\DREntities.cpp(515,4): warning C4996: 'strcpy': This function or variable may be unsafe. Consider using strcpy_s instead. To disable deprecation, use _CRT_SECURE_NO_WARNINGS. See online help for details.
C:\Users\User\Desktop\DXFViewerNew\DXF Viewer\DrawCode\DXFFile\Read\DREntities.cpp(521,4): warning C4996: 'strcpy': This function or variable may be unsafe. Consider using strcpy_s instead. To disable deprecation, use _CRT_SECURE_NO_WARNINGS. See online help for details.
C:\Users\User\Desktop\DXFViewerNew\DXF Viewer\DrawCode\DXFFile\Read\DREntities.cpp(524,4): warning C4996: 'strcpy': This function or variable may be unsafe. Consider using strcpy_s instead. To disable deprecation, use _CRT_SECURE_NO_WARNINGS. See online help for details.
C:\Users\User\Desktop\DXFViewerNew\DXF Viewer\DrawCode\DXFFile\Read\DREntities.cpp(580,4): warning C4996: 'strcpy': This function or variable may be unsafe. Consider using strcpy_s instead. To disable deprecation, use _CRT_SECURE_NO_WARNINGS. See online help for details.
C:\Users\User\Desktop\DXFViewerNew\DXF Viewer\DrawCode\DXFFile\Read\DREntities.cpp(586,4): warning C4996: 'strcpy': This function or variable may be unsafe. Consider using strcpy_s instead. To disable deprecation, use _CRT_SECURE_NO_WARNINGS. See online help for details.
C:\Users\User\Desktop\DXFViewerNew\DXF Viewer\DrawCode\DXFFile\Read\DREntities.cpp(664,4): warning C4996: 'strcpy': This function or variable may be unsafe. Consider using strcpy_s instead. To disable deprecation, use _CRT_SECURE_NO_WARNINGS. See online help for details.
C:\Users\User\Desktop\DXFViewerNew\DXF Viewer\DrawCode\DXFFile\Read\DREntities.cpp(670,4): warning C4996: 'strcpy': This function or variable may be unsafe. Consider using strcpy_s instead. To disable deprecation, use _CRT_SECURE_NO_WARNINGS. See online help for details.
C:\Users\User\Desktop\DXFViewerNew\DXF Viewer\DrawCode\DXFFile\Read\DREntities.cpp(709,4): warning C4996: 'strcpy': This function or variable may be unsafe. Consider using strcpy_s instead. To disable deprecation, use _CRT_SECURE_NO_WARNINGS. See online help for details.
C:\Users\User\Desktop\DXFViewerNew\DXF Viewer\DrawCode\DXFFile\Read\DREntities.cpp(712,4): warning C4996: 'strcpy': This function or variable may be unsafe. Consider using strcpy_s instead. To disable deprecation, use _CRT_SECURE_NO_WARNINGS. See online help for details.
C:\Users\User\Desktop\DXFViewerNew\DXF Viewer\DrawCode\DXFFile\Read\DREntities.cpp(715,4): warning C4996: 'strcpy': This function or variable may be unsafe. Consider using strcpy_s instead. To disable deprecation, use _CRT_SECURE_NO_WARNINGS. See online help for details.
  DRTables.cpp
C:\Users\User\Desktop\DXFViewerNew\DXF Viewer\DrawCode\DXFFile\Read\DRTables.cpp(178,4): warning C4996: 'strcpy': This function or variable may be unsafe. Consider using strcpy_s instead. To disable deprecation, use _CRT_SECURE_NO_WARNINGS. See online help for details.
C:\Users\User\Desktop\DXFViewerNew\DXF Viewer\DrawCode\DXFFile\Read\DRTables.cpp(199,4): warning C4996: 'strcpy': This function or variable may be unsafe. Consider using strcpy_s instead. To disable deprecation, use _CRT_SECURE_NO_WARNINGS. See online help for details.
C:\Users\User\Desktop\DXFViewerNew\DXF Viewer\DrawCode\DXFFile\Read\DRTables.cpp(202,4): warning C4996: 'strcpy': This function or variable may be unsafe. Consider using strcpy_s instead. To disable deprecation, use _CRT_SECURE_NO_WARNINGS. See online help for details.
C:\Users\User\Desktop\DXFViewerNew\DXF Viewer\DrawCode\DXFFile\Read\DRTables.cpp(250,4): warning C4996: 'strcpy': This function or variable may be unsafe. Consider using strcpy_s instead. To disable deprecation, use _CRT_SECURE_NO_WARNINGS. See online help for details.
C:\Users\User\Desktop\DXFViewerNew\DXF Viewer\DrawCode\DXFFile\Read\DRTables.cpp(259,4): warning C4996: 'strcpy': This function or variable may be unsafe. Consider using strcpy_s instead. To disable deprecation, use _CRT_SECURE_NO_WARNINGS. See online help for details.
C:\Users\User\Desktop\DXFViewerNew\DXF Viewer\DrawCode\DXFFile\Read\DRTables.cpp(291,4): warning C4996: 'strcpy': This function or variable may be unsafe. Consider using strcpy_s instead. To disable deprecation, use _CRT_SECURE_NO_WARNINGS. See online help for details.
C:\Users\User\Desktop\DXFViewerNew\DXF Viewer\DrawCode\DXFFile\Read\DRTables.cpp(297,4): warning C4996: 'strcpy': This function or variable may be unsafe. Consider using strcpy_s instead. To disable deprecation, use _CRT_SECURE_NO_WARNINGS. See online help for details.
C:\Users\User\Desktop\DXFViewerNew\DXF Viewer\DrawCode\DXFFile\Read\DRTables.cpp(337,4): warning C4996: 'strcpy': This function or variable may be unsafe. Consider using strcpy_s instead. To disable deprecation, use _CRT_SECURE_NO_WARNINGS. See online help for details.
C:\Users\User\Desktop\DXFViewerNew\DXF Viewer\DrawCode\DXFFile\Read\DRTables.cpp(340,4): warning C4996: 'strcpy': This function or variable may be unsafe. Consider using strcpy_s instead. To disable deprecation, use _CRT_SECURE_NO_WARNINGS. See online help for details.
  DXFRead.cpp
C:\Users\User\Desktop\DXFViewerNew\DXF Viewer\DrawCode\DXFFile\Read\DXFRead.cpp(69,35): warning C4267: '=': conversion from 'size_t' to 'long', possible loss of data
C:\Users\User\Desktop\DXFViewerNew\DXF Viewer\DrawCode\DXFFile\Read\DXFRead.cpp(34,17): warning C4996: 'fopen': This function or variable may be unsafe. Consider using fopen_s instead. To disable deprecation, use _CRT_SECURE_NO_WARNINGS. See online help for details.
  DWBlocks.cpp
  DWEntities.cpp
C:\Users\User\Desktop\DXFViewerNew\DXF Viewer\DrawCode\DXFFile\Write\DWEntities.cpp(553,33): warning C4311: 'type cast': pointer truncation from 'PDXF' to 'DWORD'
C:\Users\User\Desktop\DXFViewerNew\DXF Viewer\DrawCode\DXFFile\Write\DWEntities.cpp(553,33): warning C4302: 'type cast': truncation from 'PDXF' to 'DWORD'
  DWTables.cpp
C:\Users\User\Desktop\DXFViewerNew\DXF Viewer\DrawCode\DXFFile\Write\DWTables.cpp(236,3): warning C4996: 'strcpy': This function or variable may be unsafe. Consider using strcpy_s instead. To disable deprecation, use _CRT_SECURE_NO_WARNINGS. See online help for details.
C:\Users\User\Desktop\DXFViewerNew\DXF Viewer\DrawCode\DXFFile\Write\DWTables.cpp(244,3): warning C4996: 'strcpy': This function or variable may be unsafe. Consider using strcpy_s instead. To disable deprecation, use _CRT_SECURE_NO_WARNINGS. See online help for details.
C:\Users\User\Desktop\DXFViewerNew\DXF Viewer\DrawCode\DXFFile\Write\DWTables.cpp(246,3): warning C4996: 'strcpy': This function or variable may be unsafe. Consider using strcpy_s instead. To disable deprecation, use _CRT_SECURE_NO_WARNINGS. See online help for details.
C:\Users\User\Desktop\DXFViewerNew\DXF Viewer\DrawCode\DXFFile\Write\DWTables.cpp(330,2): warning C4996: 'strcpy': This function or variable may be unsafe. Consider using strcpy_s instead. To disable deprecation, use _CRT_SECURE_NO_WARNINGS. See online help for details.
C:\Users\User\Desktop\DXFViewerNew\DXF Viewer\DrawCode\DXFFile\Write\DWTables.cpp(414,2): warning C4996: 'strcpy': This function or variable may be unsafe. Consider using strcpy_s instead. To disable deprecation, use _CRT_SECURE_NO_WARNINGS. See online help for details.
C:\Users\User\Desktop\DXFViewerNew\DXF Viewer\DrawCode\DXFFile\Write\DWTables.cpp(492,26): warning C4244: '=': conversion from 'SIZE_T' to 'DWORD', possible loss of data
C:\Users\User\Desktop\DXFViewerNew\DXF Viewer\DrawCode\DXFFile\Write\DWTables.cpp(499,27): warning C4244: '=': conversion from 'SIZE_T' to 'DWORD', possible loss of data
C:\Users\User\Desktop\DXFViewerNew\DXF Viewer\DrawCode\DXFFile\Write\DWTables.cpp(508,2): warning C4311: 'type cast': pointer truncation from 'PDXF' to 'DWORD'
C:\Users\User\Desktop\DXFViewerNew\DXF Viewer\DrawCode\DXFFile\Write\DWTables.cpp(508,2): warning C4302: 'type cast': truncation from 'PDXF' to 'DWORD'
C:\Users\User\Desktop\DXFViewerNew\DXF Viewer\DrawCode\DXFFile\Write\DWTables.cpp(508,2): warning C4312: 'type cast': conversion from 'unsigned long' to 'LPVOID' of greater size
C:\Users\User\Desktop\DXFViewerNew\DXF Viewer\DrawCode\DXFFile\Write\DWTables.cpp(553,33): warning C4311: 'type cast': pointer truncation from 'PDXF' to 'DWORD'
C:\Users\User\Desktop\DXFViewerNew\DXF Viewer\DrawCode\DXFFile\Write\DWTables.cpp(553,33): warning C4302: 'type cast': truncation from 'PDXF' to 'DWORD'
C:\Users\User\Desktop\DXFViewerNew\DXF Viewer\DrawCode\DXFFile\Write\DWTables.cpp(569,2): warning C4996: 'strcpy': This function or variable may be unsafe. Consider using strcpy_s instead. To disable deprecation, use _CRT_SECURE_NO_WARNINGS. See online help for details.
  DXFWrite.cpp
C:\Users\User\Desktop\DXFViewerNew\DXF Viewer\DrawCode\DXFFile\Write\DXFWrite.cpp(34,17): warning C4996: 'fopen': This function or variable may be unsafe. Consider using fopen_s instead. To disable deprecation, use _CRT_SECURE_NO_WARNINGS. See online help for details.
C:\Users\User\Desktop\DXFViewerNew\DXF Viewer\DrawCode\DXFFile\Write\DXFWrite.cpp(58,2): warning C4996: 'strcpy': This function or variable may be unsafe. Consider using strcpy_s instead. To disable deprecation, use _CRT_SECURE_NO_WARNINGS. See online help for details.
C:\Users\User\Desktop\DXFViewerNew\DXF Viewer\DrawCode\DXFFile\Write\DXFWrite.cpp(59,2): warning C4996: 'strcpy': This function or variable may be unsafe. Consider using strcpy_s instead. To disable deprecation, use _CRT_SECURE_NO_WARNINGS. See online help for details.
C:\Users\User\Desktop\DXFViewerNew\DXF Viewer\DrawCode\DXFFile\Write\DXFWrite.cpp(60,2): warning C4996: 'strcpy': This function or variable may be unsafe. Consider using strcpy_s instead. To disable deprecation, use _CRT_SECURE_NO_WARNINGS. See online help for details.
C:\Users\User\Desktop\DXFViewerNew\DXF Viewer\DrawCode\DXFFile\Write\DXFWrite.cpp(61,2): warning C4996: 'strcpy': This function or variable may be unsafe. Consider using strcpy_s instead. To disable deprecation, use _CRT_SECURE_NO_WARNINGS. See online help for details.
  MemDrw.cpp
C:\Users\User\Desktop\DXFViewerNew\DXF Viewer\DrawCode\MemDrw.cpp(121,43): warning C4244: '=': conversion from 'SIZE_T' to 'DWORD', possible loss of data
C:\Users\User\Desktop\DXFViewerNew\DXF Viewer\DrawCode\MemDrw.cpp(833,63): warning C4244: '=': conversion from 'SIZE_T' to 'DWORD', possible loss of data
C:\Users\User\Desktop\DXFViewerNew\DXF Viewer\DrawCode\MemDrw.cpp(953,36): warning C4244: '=': conversion from 'SIZE_T' to 'DWORD', possible loss of data
C:\Users\User\Desktop\DXFViewerNew\DXF Viewer\DrawCode\MemDrw.cpp(973,2): warning C4311: 'type cast': pointer truncation from 'LPVOID' to 'DWORD'
C:\Users\User\Desktop\DXFViewerNew\DXF Viewer\DrawCode\MemDrw.cpp(973,2): warning C4302: 'type cast': truncation from 'LPVOID' to 'DWORD'
C:\Users\User\Desktop\DXFViewerNew\DXF Viewer\DrawCode\MemDrw.cpp(973,2): warning C4312: 'type cast': conversion from 'unsigned long' to 'LPVOID' of greater size
C:\Users\User\Desktop\DXFViewerNew\DXF Viewer\DrawCode\MemDrw.cpp(974,2): warning C4311: 'type cast': pointer truncation from 'LPVOID' to 'DWORD'
C:\Users\User\Desktop\DXFViewerNew\DXF Viewer\DrawCode\MemDrw.cpp(974,2): warning C4302: 'type cast': truncation from 'LPVOID' to 'DWORD'
C:\Users\User\Desktop\DXFViewerNew\DXF Viewer\DrawCode\MemDrw.cpp(1062,5): warning C4996: 'strcpy': This function or variable may be unsafe. Consider using strcpy_s instead. To disable deprecation, use _CRT_SECURE_NO_WARNINGS. See online help for details.
C:\Users\User\Desktop\DXFViewerNew\DXF Viewer\DrawCode\MemDrw.cpp(1063,5): warning C4996: 'strcat': This function or variable may be unsafe. Consider using strcat_s instead. To disable deprecation, use _CRT_SECURE_NO_WARNINGS. See online help for details.
C:\Users\User\Desktop\DXFViewerNew\DXF Viewer\DrawCode\MemDrw.cpp(1235,2): warning C4311: 'type cast': pointer truncation from 'LPVOID' to 'DWORD'
C:\Users\User\Desktop\DXFViewerNew\DXF Viewer\DrawCode\MemDrw.cpp(1235,2): warning C4302: 'type cast': truncation from 'LPVOID' to 'DWORD'
C:\Users\User\Desktop\DXFViewerNew\DXF Viewer\DrawCode\MemDrw.cpp(1235,2): warning C4312: 'type cast': conversion from 'unsigned long' to 'LPVOID' of greater size
C:\Users\User\Desktop\DXFViewerNew\DXF Viewer\DrawCode\MemDrw.cpp(1238,2): warning C4311: 'type cast': pointer truncation from 'LPVOID' to 'DWORD'
C:\Users\User\Desktop\DXFViewerNew\DXF Viewer\DrawCode\MemDrw.cpp(1238,2): warning C4302: 'type cast': truncation from 'LPVOID' to 'DWORD'
C:\Users\User\Desktop\DXFViewerNew\DXF Viewer\DrawCode\MemDrw.cpp(1265,2): warning C4311: 'type cast': pointer truncation from 'LPVOID' to 'DWORD'
C:\Users\User\Desktop\DXFViewerNew\DXF Viewer\DrawCode\MemDrw.cpp(1265,2): warning C4302: 'type cast': truncation from 'LPVOID' to 'DWORD'
C:\Users\User\Desktop\DXFViewerNew\DXF Viewer\DrawCode\MemDrw.cpp(1265,2): warning C4312: 'type cast': conversion from 'unsigned long' to 'LPVOID' of greater size
C:\Users\User\Desktop\DXFViewerNew\DXF Viewer\DrawCode\MemDrw.cpp(1268,2): warning C4311: 'type cast': pointer truncation from 'LPVOID' to 'DWORD'
C:\Users\User\Desktop\DXFViewerNew\DXF Viewer\DrawCode\MemDrw.cpp(1268,2): warning C4302: 'type cast': truncation from 'LPVOID' to 'DWORD'
  DimView.cpp
C:\Users\User\Desktop\DXFViewerNew\DXF Viewer\DrawCode\View\DimView.cpp(246,3): warning C4996: 'strcpy': This function or variable may be unsafe. Consider using strcpy_s instead. To disable deprecation, use _CRT_SECURE_NO_WARNINGS. See online help for details.
C:\Users\User\Desktop\DXFViewerNew\DXF Viewer\DrawCode\View\DimView.cpp(267,3): warning C4996: 'strcpy': This function or variable may be unsafe. Consider using strcpy_s instead. To disable deprecation, use _CRT_SECURE_NO_WARNINGS. See online help for details.
  TextView.cpp
C:\Users\User\Desktop\DXFViewerNew\DXF Viewer\DrawCode\View\TextView.cpp(80,10): warning C4267: '=': conversion from 'size_t' to 'UINT', possible loss of data
C:\Users\User\Desktop\DXFViewerNew\DXF Viewer\DrawCode\View\TextView.cpp(185,2): warning C4996: 'strcpy': This function or variable may be unsafe. Consider using strcpy_s instead. To disable deprecation, use _CRT_SECURE_NO_WARNINGS. See online help for details.
  View.cpp
  Generating Code...
C:\Program Files\Microsoft Visual Studio\2022\Community\MSBuild\Microsoft\VC\v170\Microsoft.CppBuild.targets(1571,5): warning MSB8012: TargetPath(C:\Users\User\Desktop\DXFViewerNew\x64\Debug\DrawCode.lib) does not match the Library's OutputFile property value (C:\Users\User\Desktop\DXFViewerNew\DXF Viewer\DrawCode\Debug\DrawCode.lib). This may cause your project to build incorrectly. To correct this, please make sure that $(OutDir), $(TargetName) and $(TargetExt) property values match the value specified in %(Lib.OutputFile).
  DrawCode.vcxproj -> C:\Users\User\Desktop\DXFViewerNew\x64\Debug\DrawCode.lib
